main.obj : error LNK2019: unresolved external symbol _glewInit@0 referenced in function _main
main.obj : error LNK2019: unresolved external symbol _glfwInit referenced in function _main
main.obj : error LNK2019: unresolved external symbol _glfwTerminate referenced in function _main
main.obj : error LNK2019: unresolved external symbol _glfwCreateWindow referenced in function _main
main.obj : error LNK2019: unresolved external symbol _glfwWindowShouldClose referenced in function _main
main.obj : error LNK2019: unresolved external symbol _glfwPollEvents referenced in function _main
main.obj : error LNK2019: unresolved external symbol _glfwMakeContextCurrent referenced in function _main
main.obj : error LNK2019: unresolved external symbol _glfwSwapBuffers referenced in function _main
main.obj : error LNK2001: unresolved external symbol ___glewBindBuffer
main.obj : error LNK2001: unresolved external symbol ___glewBufferData
main.obj : error LNK2001: unresolved external symbol ___glewDeleteBuffers
main.obj : error LNK2001: unresolved external symbol ___glewGenBuffers
main.obj : error LNK2001: unresolved external symbol ___glewEnableVertexAttribArray
main.obj : error LNK2001: unresolved external symbol ___glewUseProgram
main.obj : error LNK2001: unresolved external symbol ___glewVertexAttribPointer
main.obj : error LNK2001: unresolved external symbol ___glewBindVertexArray
main.obj : error LNK2001: unresolved external symbol ___glewDeleteVertexArrays
main.obj : error LNK2001: unresolved external symbol ___glewGenVertexArrays
main.obj : error LNK2001: unresolved external symbol _glewExperimental
shader.obj : error LNK2001: unresolved external symbol ___glewAttachShader
shader.obj : error LNK2001: unresolved external symbol ___glewCompileShader
shader.obj : error LNK2001: unresolved external symbol ___glewCreateProgram
shader.obj : error LNK2001: unresolved external symbol ___glewCreateShader
shader.obj : error LNK2001: unresolved external symbol ___glewDeleteShader
shader.obj : error LNK2001: unresolved external symbol ___glewGetProgramInfoLog
shader.obj : error LNK2001: unresolved external symbol ___glewGetProgramiv
shader.obj : error LNK2001: unresolved external symbol ___glewGetShaderInfoLog
shader.obj : error LNK2001: unresolved external symbol ___glewGetShaderiv
shader.obj : error LNK2001: unresolved external symbol ___glewLinkProgram
shader.obj : error LNK2001: unresolved external symbol ___glewShaderSource
C:\Users\smoya\source\repos\Lab3OpenGL\Lab3OpenGL\Libs\glfw3.lib : warning LNK4272: library machine type 'x64' conflicts with target machine type 'x86'
C:\Users\smoya\source\repos\Lab3OpenGL\Lab3OpenGL\Libs\glew32s.lib : warning LNK4272: library machine type 'x64' conflicts with target machine type 'x86'
C:\Users\smoya\source\repos\Lab3OpenGL\Debug\Lab3OpenGL.exe : fatal error LNK1120: 30 unresolved externals
